<?xml version="1.0" encoding="UTF-8"?>
<!-- Generated by org.testng.reporters.JUnitReportReporter -->
<testsuite hostname="DESKTOP-HJPJ2UA" failures="0" tests="1" name="testCase.SBUButton" time="16.641" errors="0" timestamp="2023-01-26T17:09:23 IST" skipped="0">
  <testcase classname="testCase.SBUButton" name="sbu" time="16.641"/>
  <system-out/>
</testsuite> <!-- testCase.SBUButton -->
